2015-06-11 18:17:15.371+0000 INFO  [API] Setting startup timeout to: 120000ms based on 120000
2015-06-11 18:17:17.426+0000 INFO  [API] Successfully started database
2015-06-11 18:17:17.584+0000 INFO  [API] Starting HTTP on port :7474 with 4 threads available
2015-06-11 18:17:17.857+0000 INFO  [API] Enabling HTTPS on port :7473
2015-06-11 18:17:17.857+0000 INFO  [API] No SSL certificate found, generating a self-signed certificate..
11:17:18.374 [main] INFO  org.eclipse.jetty.util.log - Logging initialized @3933ms
2015-06-11 18:17:18.447+0000 INFO  [API] Mounting static content at [/webadmin] from [webadmin-html]
2015-06-11 18:17:18.520+0000 INFO  [API] Mounting static content at [/browser] from [browser]
11:17:18.529 [main] INFO  org.eclipse.jetty.server.Server - jetty-9.2.4.v20141103
11:17:18.571 [main] INFO  o.e.j.server.handler.ContextHandler - Started o.e.j.s.h.MovedContextHandler@ac95935{/,null,AVAILABLE}
11:17:18.722 [main] INFO  o.e.j.w.StandardDescriptorProcessor - NO JSP Support for /webadmin, did not find org.apache.jasper.servlet.JspServlet
11:17:18.747 [main] INFO  o.e.j.server.handler.ContextHandler - Started o.e.j.w.WebAppContext@1d48d8fd{/webadmin,jar:file:/Users/mrosengrant/Downloads/neo4j/system/lib/neo4j-server-2.2.2-static-web.jar!/webadmin-html,AVAILABLE}
11:17:19.408 [main] INFO  o.e.j.server.handler.ContextHandler - Started o.e.j.s.ServletContextHandler@71e3ed5c{/db/manage,null,AVAILABLE}
11:17:19.709 [main] INFO  o.e.j.server.handler.ContextHandler - Started o.e.j.s.ServletContextHandler@267803f9{/db/data,null,AVAILABLE}
11:17:19.737 [main] INFO  o.e.j.w.StandardDescriptorProcessor - NO JSP Support for /browser, did not find org.apache.jasper.servlet.JspServlet
11:17:19.739 [main] INFO  o.e.j.server.handler.ContextHandler - Started o.e.j.w.WebAppContext@429274e5{/browser,jar:file:/Users/mrosengrant/Downloads/neo4j/system/lib/neo4j-browser-2.2.2.jar!/browser,AVAILABLE}
11:17:19.902 [main] INFO  o.e.j.server.handler.ContextHandler - Started o.e.j.s.ServletContextHandler@3bf495b0{/,null,AVAILABLE}
11:17:19.935 [main] INFO  o.e.jetty.server.ServerConnector - Started ServerConnector@2bbbc52{HTTP/1.1}{localhost:7474}
11:17:20.150 [main] INFO  o.e.jetty.server.ServerConnector - Started ServerConnector@24911b20{SSL-HTTP/1.1}{localhost:7473}
11:17:20.151 [main] INFO  org.eclipse.jetty.server.Server - Started @5722ms
2015-06-11 18:17:20.151+0000 INFO  [API] Server started on: http://localhost:7474/
2015-06-11 18:17:20.152+0000 INFO  [API] Remote interface ready and available at [http://localhost:7474/]
2015-06-11 18:17:23.497+0000 INFO  [API] Failed authentication attempt for 'neo4j' from 127.0.0.1
2015-06-11 18:17:23.513+0000 INFO  [API] Failed authentication attempt for 'neo4j' from 127.0.0.1
2015-06-12 22:57:34.317+0000 INFO  [API] Setting startup timeout to: 120000ms based on 120000
Detected incorrectly shut down database, performing recovery..
2015-06-12 22:57:40.262+0000 INFO  [API] Successfully started database
2015-06-12 22:57:40.461+0000 INFO  [API] Starting HTTP on port :7474 with 4 threads available
2015-06-12 22:57:40.812+0000 INFO  [API] Enabling HTTPS on port :7473
15:57:41.056 [main] INFO  org.eclipse.jetty.util.log - Logging initialized @7873ms
2015-06-12 22:57:41.114+0000 INFO  [API] Mounting static content at [/webadmin] from [webadmin-html]
2015-06-12 22:57:41.177+0000 INFO  [API] Mounting static content at [/browser] from [browser]
15:57:41.181 [main] INFO  org.eclipse.jetty.server.Server - jetty-9.2.4.v20141103
15:57:41.226 [main] INFO  o.e.j.server.handler.ContextHandler - Started o.e.j.s.h.MovedContextHandler@2acc9640{/,null,AVAILABLE}
15:57:41.330 [main] INFO  o.e.j.w.StandardDescriptorProcessor - NO JSP Support for /webadmin, did not find org.apache.jasper.servlet.JspServlet
15:57:41.363 [main] INFO  o.e.j.server.handler.ContextHandler - Started o.e.j.w.WebAppContext@5db1f3d7{/webadmin,jar:file:/Users/mrosengrant/Desktop/drug_rulebase/system/lib/neo4j-server-2.2.2-static-web.jar!/webadmin-html,AVAILABLE}
15:57:42.025 [main] INFO  o.e.j.server.handler.ContextHandler - Started o.e.j.s.ServletContextHandler@32b0a2d{/db/manage,null,AVAILABLE}
15:57:42.268 [main] INFO  o.e.j.server.handler.ContextHandler - Started o.e.j.s.ServletContextHandler@590c7e7a{/db/data,null,AVAILABLE}
15:57:42.317 [main] INFO  o.e.j.w.StandardDescriptorProcessor - NO JSP Support for /browser, did not find org.apache.jasper.servlet.JspServlet
15:57:42.319 [main] INFO  o.e.j.server.handler.ContextHandler - Started o.e.j.w.WebAppContext@60fd27e4{/browser,jar:file:/Users/mrosengrant/Desktop/drug_rulebase/system/lib/neo4j-browser-2.2.2.jar!/browser,AVAILABLE}
15:57:42.472 [main] INFO  o.e.j.server.handler.ContextHandler - Started o.e.j.s.ServletContextHandler@2db59690{/,null,AVAILABLE}
15:57:42.527 [main] INFO  o.e.jetty.server.ServerConnector - Started ServerConnector@44fecab4{HTTP/1.1}{localhost:7474}
15:57:42.719 [main] INFO  o.e.jetty.server.ServerConnector - Started ServerConnector@55764b57{SSL-HTTP/1.1}{localhost:7473}
15:57:42.720 [main] INFO  org.eclipse.jetty.server.Server - Started @9542ms
2015-06-12 22:57:42.720+0000 INFO  [API] Server started on: http://localhost:7474/
2015-06-12 22:57:42.721+0000 INFO  [API] Remote interface ready and available at [http://localhost:7474/]
2015-06-12 23:34:59.920+0000 INFO  [API] Neo4j Server shutdown initiated by request
16:34:59.927 [Thread-40] INFO  o.e.jetty.server.ServerConnector - Stopped ServerConnector@44fecab4{HTTP/1.1}{localhost:7474}
16:34:59.927 [Thread-40] INFO  o.e.jetty.server.ServerConnector - Stopped ServerConnector@55764b57{SSL-HTTP/1.1}{localhost:7473}
16:34:59.929 [Thread-40] INFO  o.e.j.server.handler.ContextHandler - Stopped o.e.j.s.ServletContextHandler@2db59690{/,null,UNAVAILABLE}
16:34:59.931 [Thread-40] INFO  o.e.j.server.handler.ContextHandler - Stopped o.e.j.w.WebAppContext@60fd27e4{/browser,jar:file:/Users/mrosengrant/Desktop/drug_rulebase/system/lib/neo4j-browser-2.2.2.jar!/browser,UNAVAILABLE}
16:34:59.931 [Thread-40] INFO  o.e.j.server.handler.ContextHandler - Stopped o.e.j.s.ServletContextHandler@590c7e7a{/db/data,null,UNAVAILABLE}
16:34:59.932 [Thread-40] INFO  o.e.j.server.handler.ContextHandler - Stopped o.e.j.s.ServletContextHandler@32b0a2d{/db/manage,null,UNAVAILABLE}
16:34:59.934 [Thread-40] INFO  o.e.j.server.handler.ContextHandler - Stopped o.e.j.w.WebAppContext@5db1f3d7{/webadmin,jar:file:/Users/mrosengrant/Desktop/drug_rulebase/system/lib/neo4j-server-2.2.2-static-web.jar!/webadmin-html,UNAVAILABLE}
16:34:59.935 [Thread-40] INFO  o.e.j.server.handler.ContextHandler - Stopped o.e.j.s.h.MovedContextHandler@2acc9640{/,null,UNAVAILABLE}
2015-06-12 23:34:59.940+0000 INFO  [API] Successfully shutdown Neo4j Server.
2015-06-12 23:35:00.073+0000 INFO  [API] Successfully stopped database
2015-06-12 23:35:00.074+0000 INFO  [API] Successfully shutdown database.
2015-06-15 16:23:32.236+0000 INFO  [API] Setting startup timeout to: 120000ms based on 120000
2015-06-15 16:23:34.196+0000 INFO  [API] Successfully started database
2015-06-15 16:23:34.305+0000 INFO  [API] Starting HTTP on port :7474 with 4 threads available
2015-06-15 16:23:34.771+0000 INFO  [API] Enabling HTTPS on port :7473
09:23:34.967 [main] INFO  org.eclipse.jetty.util.log - Logging initialized @3665ms
2015-06-15 16:23:35.050+0000 INFO  [API] Mounting static content at [/webadmin] from [webadmin-html]
2015-06-15 16:23:35.207+0000 INFO  [API] Mounting static content at [/browser] from [browser]
09:23:35.211 [main] INFO  org.eclipse.jetty.server.Server - jetty-9.2.4.v20141103
09:23:35.233 [main] INFO  o.e.j.server.handler.ContextHandler - Started o.e.j.s.h.MovedContextHandler@1c810872{/,null,AVAILABLE}
09:23:35.337 [main] INFO  o.e.j.w.StandardDescriptorProcessor - NO JSP Support for /webadmin, did not find org.apache.jasper.servlet.JspServlet
09:23:35.372 [main] INFO  o.e.j.server.handler.ContextHandler - Started o.e.j.w.WebAppContext@1203acaf{/webadmin,jar:file:/Users/mrosengrant/Desktop/drug_rulebase/system/lib/neo4j-server-2.2.2-static-web.jar!/webadmin-html,AVAILABLE}
09:23:35.906 [main] INFO  o.e.j.server.handler.ContextHandler - Started o.e.j.s.ServletContextHandler@277c1c82{/db/manage,null,AVAILABLE}
09:23:36.189 [main] INFO  o.e.j.server.handler.ContextHandler - Started o.e.j.s.ServletContextHandler@3a671bc8{/db/data,null,AVAILABLE}
09:23:36.208 [main] INFO  o.e.j.w.StandardDescriptorProcessor - NO JSP Support for /browser, did not find org.apache.jasper.servlet.JspServlet
09:23:36.210 [main] INFO  o.e.j.server.handler.ContextHandler - Started o.e.j.w.WebAppContext@2f158bd1{/browser,jar:file:/Users/mrosengrant/Desktop/drug_rulebase/system/lib/neo4j-browser-2.2.2.jar!/browser,AVAILABLE}
09:23:36.345 [main] INFO  o.e.j.server.handler.ContextHandler - Started o.e.j.s.ServletContextHandler@607de060{/,null,AVAILABLE}
09:23:36.376 [main] INFO  o.e.jetty.server.ServerConnector - Started ServerConnector@1409224f{HTTP/1.1}{localhost:7474}
09:23:36.586 [main] INFO  o.e.jetty.server.ServerConnector - Started ServerConnector@44de4e00{SSL-HTTP/1.1}{localhost:7473}
09:23:36.587 [main] INFO  org.eclipse.jetty.server.Server - Started @5293ms
2015-06-15 16:23:36.587+0000 INFO  [API] Server started on: http://localhost:7474/
2015-06-15 16:23:36.588+0000 INFO  [API] Remote interface ready and available at [http://localhost:7474/]
